<?xml version="1.0" encoding="UTF-8"?>
<!-- Generated by org.testng.reporters.JUnitXMLReporter -->
<testsuite ignored="0" hostname="LTIN516640" failures="0" tests="3" name="Default test" time="24.94" errors="0" timestamp="2024-05-03T20:32:01 IST">
  <testcase classname="testCases.TC_003_GiftCardsPage" name="choosegiftcard" time="8.336"/>
  <testcase classname="testCases.TC_003_GiftCardsPage" name="entergiftcarddetails" time="0.12"/>
  <testcase classname="testCases.TC_003_GiftCardsPage" name="filladdressform" time="6.977"/>
</testsuite> <!-- Default test -->
