<?xml version="1.0" encoding="UTF-8"?>
<!-- Generated by org.testng.reporters.JUnitXMLReporter -->
<testsuite ignored="2" hostname="LTIN516640" failures="0" tests="2" name="Test" time="192.423" errors="0" timestamp="2024-05-08T17:03:33 IST">
  <testcase classname="testCases.TC_001_BeCognizantPage" name="beCognizantValidation" time="21.364"/>
  <testcase classname="testCases.TC_002_NewsPage" name="newsPageValidation" time="160.203"/>
  <testcase classname="testBase.BaseClass" name="@AfterTest tearDown" time="0.0">
    <ignored/>
  </testcase> <!-- @AfterTest tearDown -->
  <testcase classname="testBase.BaseClass" name="@BeforeTest setup" time="0.0">
    <ignored/>
  </testcase> <!-- @BeforeTest setup -->
</testsuite> <!-- Test -->
