<?xml version="1.0" encoding="UTF-8"?>
<testng-results ignored="0" total="2" passed="2" failed="0" skipped="0">
  <reporter-output>
  </reporter-output>
  <suite started-at="2024-05-08T17:00:20 IST" name="Suite" finished-at="2024-05-08T17:03:33 IST" duration-ms="192423">
    <groups>
    </groups>
    <test started-at="2024-05-08T17:00:20 IST" name="Test" finished-at="2024-05-08T17:03:33 IST" duration-ms="192423">
      <class name="testCases.TC_001_BeCognizantPage">
        <test-method is-config="true" signature="setup()[pri:0, instance:testCases.TC_001_BeCognizantPage@79079097]" started-at="2024-05-08T17:00:21 IST" name="setup" finished-at="2024-05-08T17:00:29 IST" duration-ms="8618" status="PASS">
          <reporter-output>
          </reporter-output>
        </test-method> <!-- setup -->
        <test-method signature="beCognizantValidation()[pri:0, instance:testCases.TC_001_BeCognizantPage@79079097]" started-at="2024-05-08T17:00:29 IST" name="beCognizantValidation" finished-at="2024-05-08T17:00:51 IST" duration-ms="21364" status="PASS">
          <reporter-output>
          </reporter-output>
        </test-method> <!-- beCognizantValidation -->
        <test-method is-config="true" signature="tearDown()[pri:0, instance:testCases.TC_001_BeCognizantPage@79079097]" started-at="2024-05-08T17:03:32 IST" name="tearDown" finished-at="2024-05-08T17:03:33 IST" duration-ms="1090" status="PASS">
          <reporter-output>
          </reporter-output>
        </test-method> <!-- tearDown -->
      </class> <!-- testCases.TC_001_BeCognizantPage -->
      <class name="testCases.TC_002_NewsPage">
        <test-method signature="newsPageValidation()[pri:0, instance:testCases.TC_002_NewsPage@302552ec]" started-at="2024-05-08T17:00:51 IST" name="newsPageValidation" finished-at="2024-05-08T17:03:31 IST" duration-ms="160203" status="PASS">
          <reporter-output>
          </reporter-output>
        </test-method> <!-- newsPageValidation -->
      </class> <!-- testCases.TC_002_NewsPage -->
    </test> <!-- Test -->
  </suite> <!-- Suite -->
</testng-results>
