<?xml version="1.0" encoding="UTF-8"?>
<testng-results ignored="0" total="3" passed="3" failed="0" skipped="0">
  <reporter-output>
  </reporter-output>
  <suite started-at="2024-05-03T20:31:36 IST" name="Default suite" finished-at="2024-05-03T20:32:01 IST" duration-ms="24940">
    <groups>
    </groups>
    <test started-at="2024-05-03T20:31:36 IST" name="Default test" finished-at="2024-05-03T20:32:01 IST" duration-ms="24940">
      <class name="testCases.TC_003_GiftCardsPage">
        <test-method is-config="true" signature="setup()[pri:0, instance:testCases.TC_003_GiftCardsPage@198b6731]" started-at="2024-05-03T20:31:36 IST" name="setup" finished-at="2024-05-03T20:31:45 IST" duration-ms="8373" status="PASS">
          <reporter-output>
          </reporter-output>
        </test-method> <!-- setup -->
        <test-method signature="choosegiftcard()[pri:8, instance:testCases.TC_003_GiftCardsPage@198b6731]" started-at="2024-05-03T20:31:45 IST" name="choosegiftcard" finished-at="2024-05-03T20:31:53 IST" duration-ms="8336" status="PASS">
          <reporter-output>
          </reporter-output>
        </test-method> <!-- choosegiftcard -->
        <test-method signature="entergiftcarddetails()[pri:9, instance:testCases.TC_003_GiftCardsPage@198b6731]" started-at="2024-05-03T20:31:53 IST" name="entergiftcarddetails" finished-at="2024-05-03T20:31:53 IST" duration-ms="120" status="PASS">
          <reporter-output>
          </reporter-output>
        </test-method> <!-- entergiftcarddetails -->
        <test-method signature="filladdressform()[pri:10, instance:testCases.TC_003_GiftCardsPage@198b6731]" started-at="2024-05-03T20:31:53 IST" name="filladdressform" finished-at="2024-05-03T20:32:00 IST" duration-ms="6977" status="PASS">
          <reporter-output>
          </reporter-output>
        </test-method> <!-- filladdressform -->
        <test-method is-config="true" signature="tearDown()[pri:0, instance:testCases.TC_003_GiftCardsPage@198b6731]" started-at="2024-05-03T20:32:00 IST" name="tearDown" finished-at="2024-05-03T20:32:01 IST" duration-ms="1101" status="PASS">
          <reporter-output>
          </reporter-output>
        </test-method> <!-- tearDown -->
      </class> <!-- testCases.TC_003_GiftCardsPage -->
    </test> <!-- Default test -->
  </suite> <!-- Default suite -->
</testng-results>
